  imgui.cpp
  imgui_demo.cpp
  imgui_draw.cpp
  imgui_impl_glfw.cpp
  imgui_impl_opengl3.cpp
  imgui_tables.cpp
  imgui_widgets.cpp
  main.cpp
F:\coding\Github Desktop\CG-project\include\shader\Shader.h(88,36): warning C4101: “e”: 未引用的局部变量
F:\coding\Github Desktop\CG-project\CG\Mesh.h(84,1): warning C4267: “参数”: 从“size_t”转换到“GLsizei”，可能丢失数据
F:\coding\Github Desktop\CG-project\CG\Utils.h(153,17): warning C4244: “=”: 从“double”转换到“float”，可能丢失数据
F:\coding\Github Desktop\CG-project\CG\Utils.h(154,17): warning C4244: “=”: 从“double”转换到“float”，可能丢失数据
F:\coding\Github Desktop\CG-project\CG\Utils.h(158,19): warning C4244: “初始化”: 从“double”转换到“float”，可能丢失数据
F:\coding\Github Desktop\CG-project\CG\Utils.h(159,19): warning C4244: “初始化”: 从“double”转换到“float”，可能丢失数据
F:\coding\Github Desktop\CG-project\CG\Utils.h(161,13): warning C4244: “=”: 从“double”转换到“float”，可能丢失数据
F:\coding\Github Desktop\CG-project\CG\Utils.h(162,13): warning C4244: “=”: 从“double”转换到“float”，可能丢失数据
F:\coding\Github Desktop\CG-project\CG\Utils.h(171,31): warning C4244: “参数”: 从“double”转换到“float”，可能丢失数据
F:\coding\Github Desktop\CG-project\CG\Manager.h(148,1): warning C4305: “参数”: 从“double”到“const btScalar”截断
F:\coding\Github Desktop\CG-project\CG\Terrain.h(67,13): warning C4244: “初始化”: 从“double”转换到“float”，可能丢失数据
F:\coding\Github Desktop\CG-project\CG\main.cpp(100,22): warning C4244: “初始化”: 从“double”转换到“float”，可能丢失数据
  正在生成代码...
  glad.c
LINK : warning LNK4098: 默认库“MSVCRT”与其他库的使用冲突；请使用 /NODEFAULTLIB:library
LINK : warning LNK4217: 符号“free”(在“ libucrtd.lib(free.obj)”中定义)已由“glfw3.lib(win32_joystick.obj)”(函数“_glfwPlatformUpdateGamepadGUID”中)导入
LINK : warning LNK4217: 符号“free”(在“ libucrtd.lib(free.obj)”中定义)已由“glfw3.lib(wgl_context.obj)”(函数“_glfwCreateContextWGL”中)导入
LINK : warning LNK4217: 符号“free”(在“ libucrtd.lib(free.obj)”中定义)已由“glfw3.lib(egl_context.obj)”(函数“_glfwInitEGL”中)导入
LINK : warning LNK4217: 符号“free”(在“ libucrtd.lib(free.obj)”中定义)已由“glfw3.lib(osmesa_context.obj)”(函数“_glfwCreateContextOSMesa”中)导入
LINK : warning LNK4286: 符号“free”(在“libucrtd.lib(free.obj)”中定义)已由“glfw3.lib(win32_window.obj)”导入
LINK : warning LNK4217: 符号“free”(在“ libucrtd.lib(free.obj)”中定义)已由“glfw3.lib(win32_init.obj)”(函数“_glfwCreateWideStringFromUTF8Win32”中)导入
LINK : warning LNK4217: 符号“free”(在“ libucrtd.lib(free.obj)”中定义)已由“glfw3.lib(win32_monitor.obj)”(函数“_glfwPlatformGetVideoMode”中)导入
LINK : warning LNK4217: 符号“free”(在“ libucrtd.lib(free.obj)”中定义)已由“glfw3.lib(vulkan.obj)”(函数“_glfwGetVulkanResultString”中)导入
LINK : warning LNK4217: 符号“free”(在“ libucrtd.lib(free.obj)”中定义)已由“glfw3.lib(init.obj)”(函数“terminate”中)导入
LINK : warning LNK4286: 符号“free”(在“libucrtd.lib(free.obj)”中定义)已由“glfw3.lib(monitor.obj)”导入
LINK : warning LNK4286: 符号“free”(在“libucrtd.lib(free.obj)”中定义)已由“glfw3.lib(window.obj)”导入
LINK : warning LNK4286: 符号“free”(在“libucrtd.lib(free.obj)”中定义)已由“glfw3.lib(input.obj)”导入
LINK : warning LNK4217: 符号“__stdio_common_vsprintf”(在“ libucrtd.lib(output.obj)”中定义)已由“glfw3.lib(init.obj)”(函数“_glfwInputError”中)导入
LINK : warning LNK4217: 符号“__stdio_common_vsprintf”(在“ libucrtd.lib(output.obj)”中定义)已由“glfw3.lib(win32_joystick.obj)”(函数“sprintf”中)导入
LINK : warning LNK4217: 符号“strncpy”(在“ libucrtd.lib(strncpy.obj)”中定义)已由“glfw3.lib(monitor.obj)”(函数“_glfwAllocMonitor”中)导入
LINK : warning LNK4286: 符号“strncpy”(在“libucrtd.lib(strncpy.obj)”中定义)已由“glfw3.lib(window.obj)”导入
LINK : warning LNK4286: 符号“strncpy”(在“libucrtd.lib(strncpy.obj)”中定义)已由“glfw3.lib(input.obj)”导入
LINK : warning LNK4217: 符号“strncpy”(在“ libucrtd.lib(strncpy.obj)”中定义)已由“glfw3.lib(win32_joystick.obj)”(函数“_glfwDetectJoystickConnectionWin32”中)导入
LINK : warning LNK4217: 符号“realloc”(在“ libucrtd.lib(realloc.obj)”中定义)已由“glfw3.lib(monitor.obj)”(函数“_glfwInputMonitor”中)导入
LINK : warning LNK4286: 符号“realloc”(在“libucrtd.lib(realloc.obj)”中定义)已由“glfw3.lib(input.obj)”导入
LINK : warning LNK4217: 符号“realloc”(在“ libucrtd.lib(realloc.obj)”中定义)已由“glfw3.lib(win32_monitor.obj)”(函数“_glfwPollMonitorsWin32”中)导入
LINK : warning LNK4217: 符号“qsort”(在“ libucrtd.lib(qsort.obj)”中定义)已由“glfw3.lib(monitor.obj)”(函数“refreshVideoModes”中)导入
LINK : warning LNK4217: 符号“qsort”(在“ libucrtd.lib(qsort.obj)”中定义)已由“glfw3.lib(win32_joystick.obj)”(函数“_glfwPlatformUpdateGamepadGUID”中)导入
LINK : warning LNK4217: 符号“strcspn”(在“ libucrtd.lib(strcspn.obj)”中定义)已由“glfw3.lib(input.obj)”(函数“glfwUpdateGamepadMappings”中)导入
LINK : warning LNK4217: 符号“strncmp”(在“ libucrtd.lib(strncmp.obj)”中定义)已由“glfw3.lib(input.obj)”(函数“parseMapping”中)导入
LINK : warning LNK4286: 符号“strncmp”(在“libucrtd.lib(strncmp.obj)”中定义)已由“glfw3.lib(context.obj)”导入
LINK : warning LNK4286: 符号“strncmp”(在“libucrtd.lib(strncmp.obj)”中定义)已由“glfw3.lib(egl_context.obj)”导入
LINK : warning LNK4217: 符号“strtoul”(在“ libucrtd.lib(strtox.obj)”中定义)已由“glfw3.lib(input.obj)”(函数“parseMapping”中)导入
LINK : warning LNK4217: 符号“__stdio_common_vsscanf”(在“ libucrtd.lib(input.obj)”中定义)已由“glfw3.lib(context.obj)”(函数“sscanf”中)导入
glfw3.lib(win32_joystick.obj) : error LNK2019: 无法解析的外部符号 __imp_calloc，函数 deviceCallback 中引用了该符号
glfw3.lib(wgl_context.obj) : error LNK2001: 无法解析的外部符号 __imp_calloc
glfw3.lib(egl_context.obj) : error LNK2001: 无法解析的外部符号 __imp_calloc
glfw3.lib(osmesa_context.obj) : error LNK2001: 无法解析的外部符号 __imp_calloc
glfw3.lib(win32_window.obj) : error LNK2001: 无法解析的外部符号 __imp_calloc
glfw3.lib(win32_init.obj) : error LNK2001: 无法解析的外部符号 __imp_calloc
glfw3.lib(win32_monitor.obj) : error LNK2001: 无法解析的外部符号 __imp_calloc
glfw3.lib(vulkan.obj) : error LNK2001: 无法解析的外部符号 __imp_calloc
glfw3.lib(init.obj) : error LNK2001: 无法解析的外部符号 __imp_calloc
glfw3.lib(monitor.obj) : error LNK2001: 无法解析的外部符号 __imp_calloc
glfw3.lib(window.obj) : error LNK2001: 无法解析的外部符号 __imp_calloc
glfw3.lib(input.obj) : error LNK2001: 无法解析的外部符号 __imp_calloc
glfw3.lib(input.obj) : error LNK2019: 无法解析的外部符号 __imp_strspn，函数 glfwUpdateGamepadMappings 中引用了该符号
F:\coding\Github Desktop\CG-project\x64\Debug\Project.exe : fatal error LNK1120: 2 个无法解析的外部命令
