d:\it\computergraphics\course\project\forza\cg\x64\debug\vc142.pdb
d:\it\computergraphics\course\project\forza\cg\x64\debug\vc142.idb
d:\it\computergraphics\course\project\forza\cg\x64\debug\glad.obj
d:\it\computergraphics\course\project\forza\cg\x64\debug\main.obj
d:\it\computergraphics\course\project\forza\x64\debug\project.pdb
d:\it\computergraphics\course\project\forza\cg\x64\debug\project.tlog\cl.command.1.tlog
d:\it\computergraphics\course\project\forza\cg\x64\debug\project.tlog\cl.read.1.tlog
d:\it\computergraphics\course\project\forza\cg\x64\debug\project.tlog\cl.write.1.tlog
d:\it\computergraphics\course\project\forza\cg\x64\debug\project.tlog\link-cvtres.read.1.tlog
d:\it\computergraphics\course\project\forza\cg\x64\debug\project.tlog\link-cvtres.write.1.tlog
d:\it\computergraphics\course\project\forza\cg\x64\debug\project.tlog\link-rc.read.1.tlog
d:\it\computergraphics\course\project\forza\cg\x64\debug\project.tlog\link-rc.write.1.tlog
d:\it\computergraphics\course\project\forza\cg\x64\debug\project.tlog\link.39972-cvtres.read.1.tlog
d:\it\computergraphics\course\project\forza\cg\x64\debug\project.tlog\link.39972-cvtres.write.1.tlog
d:\it\computergraphics\course\project\forza\cg\x64\debug\project.tlog\link.39972-rc.read.1.tlog
d:\it\computergraphics\course\project\forza\cg\x64\debug\project.tlog\link.39972-rc.write.1.tlog
d:\it\computergraphics\course\project\forza\cg\x64\debug\project.tlog\link.39972.read.1.tlog
d:\it\computergraphics\course\project\forza\cg\x64\debug\project.tlog\link.39972.write.1.tlog
d:\it\computergraphics\course\project\forza\cg\x64\debug\project.tlog\link.command.1.tlog
d:\it\computergraphics\course\project\forza\cg\x64\debug\project.tlog\link.read.1.tlog
d:\it\computergraphics\course\project\forza\cg\x64\debug\project.tlog\link.write.1.tlog
